<?xml version="1.0" encoding="UTF-8"?>
<!-- Generated by org.testng.reporters.JUnitXMLReporter -->
<testsuite hostname="DESKTOP-C4KHHKR" name="Default test" tests="4" failures="0" timestamp="17 Jan 2021 12:12:18 GMT" time="25.799" errors="0">
  <testcase name="launchsite" time="1.694" classname="com.glb.us.login.MyTest"/>
  <testcase name="Search" time="7.598" classname="com.glb.us.login.MyTest"/>
  <testcase name="addcart" time="4.212" classname="com.glb.us.login.MyTest"/>
  <testcase name="login" time="2.234" classname="com.glb.us.login.MyTest"/>
</testsuite> <!-- Default test -->
